<?xml version="1.0" encoding="UTF-8"?>
<!-- Generated by org.testng.reporters.JUnitXMLReporter -->
<testsuite ignored="0" hostname="DESKTOP-59LOSNS" failures="0" tests="4" name="Default test" time="186.529" errors="0" timestamp="2021-07-19T17:02:43 IST">
  <testcase classname="makeMyTripDemo.makemytrip.testScenario1" name="flightBooking" time="106.354"/>
  <testcase classname="makeMyTripDemo.makemytrip.testScenario1" name="validation" time="0.534"/>
  <testcase classname="makeMyTripDemo.makemytrip.testScenario1" name="readWriteFlightData" time="35.393"/>
  <testcase classname="makeMyTripDemo.makemytrip.testScenario1" name="slidePriceAndStoreData" time="28.974"/>
</testsuite> <!-- Default test -->
