<?xml version="1.0" encoding="UTF-8"?>
<testng-results ignored="0" total="4" passed="4" failed="0" skipped="0">
  <reporter-output>
  </reporter-output>
  <suite started-at="2021-07-19T16:59:36 IST" name="Default suite" finished-at="2021-07-19T17:02:43 IST" duration-ms="186529">
    <groups>
    </groups>
    <test started-at="2021-07-19T16:59:36 IST" name="Default test" finished-at="2021-07-19T17:02:43 IST" duration-ms="186529">
      <class name="makeMyTripDemo.makemytrip.testScenario1">
        <test-method is-config="true" signature="generateReport()[pri:0, instance:makeMyTripDemo.makemytrip.testScenario1@f5ac9e4]" started-at="2021-07-19T16:59:36 IST" name="generateReport" finished-at="2021-07-19T16:59:37 IST" duration-ms="450" status="PASS">
          <reporter-output>
          </reporter-output>
        </test-method> <!-- generateReport -->
        <test-method is-config="true" signature="init()[pri:0, instance:makeMyTripDemo.makemytrip.testScenario1@f5ac9e4]" started-at="2021-07-19T16:59:37 IST" name="init" finished-at="2021-07-19T16:59:50 IST" duration-ms="13502" status="PASS">
          <reporter-output>
          </reporter-output>
        </test-method> <!-- init -->
        <test-method signature="flightBooking()[pri:1, instance:makeMyTripDemo.makemytrip.testScenario1@f5ac9e4]" started-at="2021-07-19T16:59:50 IST" name="flightBooking" finished-at="2021-07-19T17:01:37 IST" duration-ms="106354" status="PASS">
          <reporter-output>
          </reporter-output>
        </test-method> <!-- flightBooking -->
        <test-method signature="validation()[pri:2, instance:makeMyTripDemo.makemytrip.testScenario1@f5ac9e4]" started-at="2021-07-19T17:01:37 IST" name="validation" finished-at="2021-07-19T17:01:37 IST" duration-ms="534" status="PASS">
          <reporter-output>
          </reporter-output>
        </test-method> <!-- validation -->
        <test-method signature="readWriteFlightData()[pri:3, instance:makeMyTripDemo.makemytrip.testScenario1@f5ac9e4]" started-at="2021-07-19T17:01:37 IST" name="readWriteFlightData" finished-at="2021-07-19T17:02:13 IST" duration-ms="35393" status="PASS">
          <reporter-output>
          </reporter-output>
        </test-method> <!-- readWriteFlightData -->
        <test-method signature="slidePriceAndStoreData()[pri:4, instance:makeMyTripDemo.makemytrip.testScenario1@f5ac9e4]" started-at="2021-07-19T17:02:13 IST" name="slidePriceAndStoreData" finished-at="2021-07-19T17:02:42 IST" duration-ms="28974" status="PASS">
          <reporter-output>
          </reporter-output>
        </test-method> <!-- slidePriceAndStoreData -->
        <test-method is-config="true" signature="closeBrowser()[pri:0, instance:makeMyTripDemo.makemytrip.testScenario1@f5ac9e4]" started-at="2021-07-19T17:02:42 IST" name="closeBrowser" finished-at="2021-07-19T17:02:42 IST" duration-ms="241" status="PASS">
          <reporter-output>
          </reporter-output>
        </test-method> <!-- closeBrowser -->
        <test-method is-config="true" signature="flushReport()[pri:0, instance:makeMyTripDemo.makemytrip.testScenario1@f5ac9e4]" started-at="2021-07-19T17:02:42 IST" name="flushReport" finished-at="2021-07-19T17:02:43 IST" duration-ms="866" status="PASS">
          <reporter-output>
          </reporter-output>
        </test-method> <!-- flushReport -->
      </class> <!-- makeMyTripDemo.makemytrip.testScenario1 -->
    </test> <!-- Default test -->
  </suite> <!-- Default suite -->
</testng-results>
